0 info it worked if it ends with ok
1 verbose cli [ 'node',
1 verbose cli   '/usr/local/bin/npm',
1 verbose cli   'install',
1 verbose cli   'mongoose',
1 verbose cli   '--save-dev' ]
2 info using npm@1.4.28
3 info using node@v0.10.34
4 verbose readDependencies using package.json deps
5 verbose cache add [ 'mongoose', null ]
6 verbose cache add name=undefined spec="mongoose" args=["mongoose",null]
7 verbose parsed url { protocol: null,
7 verbose parsed url   slashes: null,
7 verbose parsed url   auth: null,
7 verbose parsed url   host: null,
7 verbose parsed url   port: null,
7 verbose parsed url   hostname: null,
7 verbose parsed url   hash: null,
7 verbose parsed url   search: null,
7 verbose parsed url   query: null,
7 verbose parsed url   pathname: 'mongoose',
7 verbose parsed url   path: 'mongoose',
7 verbose parsed url   href: 'mongoose' }
8 silly lockFile f25dbdd3-mongoose mongoose
9 verbose lock mongoose /Users/atankha/.npm/f25dbdd3-mongoose.lock
10 silly lockFile f25dbdd3-mongoose mongoose
11 silly lockFile f25dbdd3-mongoose mongoose
12 verbose addNamed [ 'mongoose', '' ]
13 verbose addNamed [ null, '*' ]
14 silly lockFile 3bb0fc31-mongoose mongoose@
15 verbose lock mongoose@ /Users/atankha/.npm/3bb0fc31-mongoose.lock
16 silly addNameRange { name: 'mongoose', range: '*', hasData: false }
17 verbose request where is /mongoose
18 verbose request registry http://npm.paypal.com/
19 verbose request id 73c96f7aaf019a4d
20 verbose url raw /mongoose
21 verbose url resolving [ 'http://npm.paypal.com/', './mongoose' ]
22 verbose url resolved http://npm.paypal.com/mongoose
23 verbose request where is http://npm.paypal.com/mongoose
24 info trying registry request attempt 1 at 16:45:44
25 verbose etag "1ZIQFQZ9EPM3IDXXDQZP8711A"
26 http GET http://npm.paypal.com/mongoose
27 info retry will retry, error on last attempt: Error: getaddrinfo ENOTFOUND
28 info trying registry request attempt 2 at 16:45:54
29 verbose etag "1ZIQFQZ9EPM3IDXXDQZP8711A"
30 http GET http://npm.paypal.com/mongoose
31 info retry will retry, error on last attempt: Error: getaddrinfo ENOTFOUND
32 info trying registry request attempt 3 at 16:46:54
33 verbose etag "1ZIQFQZ9EPM3IDXXDQZP8711A"
34 http GET http://npm.paypal.com/mongoose
35 silly registry.get cb [ 304, undefined ]
36 verbose etag http://npm.paypal.com/mongoose from cache
37 silly addNameRange number 2 { name: 'mongoose', range: '*', hasData: true }
38 silly addNameRange versions [ 'mongoose',
38 silly addNameRange   [ '0.0.1',
38 silly addNameRange     '0.0.2',
38 silly addNameRange     '0.0.3',
38 silly addNameRange     '0.0.4',
38 silly addNameRange     '0.0.5',
38 silly addNameRange     '1.0.0',
38 silly addNameRange     '1.0.1',
38 silly addNameRange     '1.0.2',
38 silly addNameRange     '0.0.6',
38 silly addNameRange     '1.0.3',
38 silly addNameRange     '1.0.4',
38 silly addNameRange     '1.0.5',
38 silly addNameRange     '1.0.6',
38 silly addNameRange     '1.0.7',
38 silly addNameRange     '1.0.8',
38 silly addNameRange     '1.0.10',
38 silly addNameRange     '1.0.11',
38 silly addNameRange     '1.0.12',
38 silly addNameRange     '1.0.13',
38 silly addNameRange     '1.0.14',
38 silly addNameRange     '1.0.15',
38 silly addNameRange     '1.0.16',
38 silly addNameRange     '1.1.0',
38 silly addNameRange     '1.1.1',
38 silly addNameRange     '1.1.2',
38 silly addNameRange     '1.1.3',
38 silly addNameRange     '1.1.4',
38 silly addNameRange     '1.1.5',
38 silly addNameRange     '1.1.6',
38 silly addNameRange     '1.1.7',
38 silly addNameRange     '1.1.8',
38 silly addNameRange     '1.1.9',
38 silly addNameRange     '1.1.10',
38 silly addNameRange     '1.1.11',
38 silly addNameRange     '1.1.12',
38 silly addNameRange     '1.1.13',
38 silly addNameRange     '1.1.14',
38 silly addNameRange     '1.1.15',
38 silly addNameRange     '1.1.16',
38 silly addNameRange     '1.1.17',
38 silly addNameRange     '1.1.18',
38 silly addNameRange     '1.1.19',
38 silly addNameRange     '1.1.20',
38 silly addNameRange     '1.1.21',
38 silly addNameRange     '1.1.22',
38 silly addNameRange     '1.1.23',
38 silly addNameRange     '1.1.24',
38 silly addNameRange     '1.1.25',
38 silly addNameRange     '1.2.0',
38 silly addNameRange     '1.3.0',
38 silly addNameRange     '1.3.1',
38 silly addNameRange     '1.3.2',
38 silly addNameRange     '1.3.3',
38 silly addNameRange     '1.3.4',
38 silly addNameRange     '1.3.5',
38 silly addNameRange     '1.3.6',
38 silly addNameRange     '1.3.7',
38 silly addNameRange     '1.4.0',
38 silly addNameRange     '1.5.0',
38 silly addNameRange     '1.6.0',
38 silly addNameRange     '1.7.2',
38 silly addNameRange     '1.7.3',
38 silly addNameRange     '1.7.4',
38 silly addNameRange     '1.8.0',
38 silly addNameRange     '1.8.1',
38 silly addNameRange     '1.8.2',
38 silly addNameRange     '1.8.3',
38 silly addNameRange     '1.8.4',
38 silly addNameRange     '2.0.0',
38 silly addNameRange     '2.0.1',
38 silly addNameRange     '2.0.2',
38 silly addNameRange     '2.0.3',
38 silly addNameRange     '2.0.4',
38 silly addNameRange     '2.1.0',
38 silly addNameRange     '2.1.1',
38 silly addNameRange     '2.1.2',
38 silly addNameRange     '2.1.3',
38 silly addNameRange     '2.1.4',
38 silly addNameRange     '2.2.0',
38 silly addNameRange     '2.2.1',
38 silly addNameRange     '2.2.2',
38 silly addNameRange     '2.2.3',
38 silly addNameRange     '2.2.4',
38 silly addNameRange     '2.3.0',
38 silly addNameRange     '2.3.1',
38 silly addNameRange     '2.3.2',
38 silly addNameRange     '2.3.3',
38 silly addNameRange     '2.3.4',
38 silly addNameRange     '2.3.5',
38 silly addNameRange     '2.3.6',
38 silly addNameRange     '2.3.7',
38 silly addNameRange     '2.3.8',
38 silly addNameRange     '2.3.9',
38 silly addNameRange     '2.3.10',
38 silly addNameRange     '2.3.11',
38 silly addNameRange     '2.3.12',
38 silly addNameRange     '2.3.13',
38 silly addNameRange     '2.4.0',
38 silly addNameRange     '2.4.1',
38 silly addNameRange     '2.4.2',
38 silly addNameRange     '2.4.3',
38 silly addNameRange     '2.4.4',
38 silly addNameRange     '2.4.5',
38 silly addNameRange     '2.4.6',
38 silly addNameRange     '2.4.7',
38 silly addNameRange     '2.4.8',
38 silly addNameRange     '2.4.9',
38 silly addNameRange     '2.4.10',
38 silly addNameRange     '2.5.0',
38 silly addNameRange     '2.5.1',
38 silly addNameRange     '2.5.2',
38 silly addNameRange     '2.5.3',
38 silly addNameRange     '2.5.4',
38 silly addNameRange     '2.5.5',
38 silly addNameRange     '2.5.6',
38 silly addNameRange     '2.5.7',
38 silly addNameRange     '2.5.8',
38 silly addNameRange     '2.5.9',
38 silly addNameRange     '2.5.10',
38 silly addNameRange     '2.5.11',
38 silly addNameRange     '2.5.12',
38 silly addNameRange     '2.5.13',
38 silly addNameRange     '2.5.14',
38 silly addNameRange     '2.6.0',
38 silly addNameRange     '2.6.1',
38 silly addNameRange     '2.6.2',
38 silly addNameRange     '2.6.3',
38 silly addNameRange     '2.6.4',
38 silly addNameRange     '2.6.5',
38 silly addNameRange     '2.6.6',
38 silly addNameRange     '2.6.7',
38 silly addNameRange     '2.6.8',
38 silly addNameRange     '2.7.0',
38 silly addNameRange     '2.7.1',
38 silly addNameRange     '2.7.2',
38 silly addNameRange     '2.7.4',
38 silly addNameRange     '2.7.3',
38 silly addNameRange     '3.0.0',
38 silly addNameRange     '3.0.1',
38 silly addNameRange     '3.0.2',
38 silly addNameRange     '2.8.0',
38 silly addNameRange     '3.0.3',
38 silly addNameRange     '3.1.0',
38 silly addNameRange     '2.8.1',
38 silly addNameRange     '3.1.1',
38 silly addNameRange     '2.8.2',
38 silly addNameRange     '2.8.3',
38 silly addNameRange     '2.9.0',
38 silly addNameRange     '3.2.0',
38 silly addNameRange     '2.9.1',
38 silly addNameRange     '3.2.1',
38 silly addNameRange     '2.9.2',
38 silly addNameRange     '3.2.2',
38 silly addNameRange     '3.3.0',
38 silly addNameRange     '3.3.1',
38 silly addNameRange     '2.9.3',
38 silly addNameRange     '3.4.0',
38 silly addNameRange     '2.9.4',
38 silly addNameRange     '2.9.5',
38 silly addNameRange     '3.5.0',
38 silly addNameRange     '3.5.1',
38 silly addNameRange     '3.5.2',
38 silly addNameRange     '3.5.3',
38 silly addNameRange     '2.9.6',
38 silly addNameRange     '2.9.7',
38 silly addNameRange     '3.5.4',
38 silly addNameRange     '3.5.5',
38 silly addNameRange     '2.9.8',
38 silly addNameRange     '2.9.9',
38 silly addNameRange     '3.5.6',
38 silly addNameRange     '3.5.7',
38 silly addNameRange     '3.5.8',
38 silly addNameRange     '2.9.10',
38 silly addNameRange     '3.5.9',
38 silly addNameRange     '3.6.2',
38 silly addNameRange     '3.5.10',
38 silly addNameRange     '3.6.3',
38 silly addNameRange     '3.5.11',
38 silly addNameRange     '3.6.4',
38 silly addNameRange     '3.6.5',
38 silly addNameRange     '3.6.6',
38 silly addNameRange     '3.6.7',
38 silly addNameRange     '3.5.12',
38 silly addNameRange     '3.6.8',
38 silly addNameRange     '3.6.9',
38 silly addNameRange     '3.6.10',
38 silly addNameRange     '3.5.13',
38 silly addNameRange     '3.5.14',
38 silly addNameRange     '3.6.11',
38 silly addNameRange     '3.6.12',
38 silly addNameRange     '3.6.13',
38 silly addNameRange     '3.6.14',
38 silly addNameRange     '3.6.15',
38 silly addNameRange     '3.5.15',
38 silly addNameRange     '3.7.0',
38 silly addNameRange     '3.6.16',
38 silly addNameRange     '3.5.16',
38 silly addNameRange     '3.6.17',
38 silly addNameRange     '3.7.2',
38 silly addNameRange     '3.0.0-alpha1',
38 silly addNameRange     '3.0.0-alpha2',
38 silly addNameRange     '3.0.0-rc0',
38 silly addNameRange     '3.6.0-rc0',
38 silly addNameRange     '3.6.0-rc1',
38 silly addNameRange     '3.6.18',
38 silly addNameRange     '3.7.3',
38 silly addNameRange     '3.6.19',
38 silly addNameRange     '3.6.20',
38 silly addNameRange     '3.7.4',
38 silly addNameRange     '3.8.0',
38 silly addNameRange     '3.8.1',
38 silly addNameRange     '3.8.2',
38 silly addNameRange     '3.8.3',
38 silly addNameRange     '3.8.4',
38 silly addNameRange     '3.8.5',
38 silly addNameRange     '3.8.6',
38 silly addNameRange     '3.8.7',
38 silly addNameRange     '3.8.8',
38 silly addNameRange     '3.8.9',
38 silly addNameRange     '3.8.10',
38 silly addNameRange     '3.8.11',
38 silly addNameRange     '3.9.0',
38 silly addNameRange     '3.8.12',
38 silly addNameRange     '3.8.13',
38 silly addNameRange     '3.8.14',
38 silly addNameRange     '3.8.15',
38 silly addNameRange     '3.9.1',
38 silly addNameRange     '3.8.16',
38 silly addNameRange     '3.9.2',
38 silly addNameRange     '3.8.17',
38 silly addNameRange     '3.9.3',
38 silly addNameRange     '3.8.18',
38 silly addNameRange     '3.9.4',
38 silly addNameRange     '3.8.19',
38 silly addNameRange     '3.9.5',
38 silly addNameRange     '3.8.20',
38 silly addNameRange     '3.9.6',
38 silly addNameRange     '3.8.21',
38 silly addNameRange     '3.9.7',
38 silly addNameRange     '3.8.22',
38 silly addNameRange     '4.0.0-rc0',
38 silly addNameRange     '4.0.0-rc1',
38 silly addNameRange     '3.8.23',
38 silly addNameRange     '4.0.0-rc2',
38 silly addNameRange     '3.8.24',
38 silly addNameRange     '4.0.0-rc3',
38 silly addNameRange     '3.8.25',
38 silly addNameRange     '4.0.0-rc4',
38 silly addNameRange     '4.0.0',
38 silly addNameRange     '4.0.1',
38 silly addNameRange     '3.8.26',
38 silly addNameRange     '3.8.27',
38 silly addNameRange     '4.0.2',
38 silly addNameRange     '3.8.28',
38 silly addNameRange     '4.0.3',
38 silly addNameRange     '3.8.29',
38 silly addNameRange     '4.0.4',
38 silly addNameRange     '3.8.30',
38 silly addNameRange     '4.0.5' ] ]
39 verbose addNamed [ 'mongoose', '4.0.5' ]
40 verbose addNamed [ '4.0.5', '4.0.5' ]
41 silly lockFile 59dd479b-mongoose-4-0-5 mongoose@4.0.5
42 verbose lock mongoose@4.0.5 /Users/atankha/.npm/59dd479b-mongoose-4-0-5.lock
43 silly lockFile cd47bf83--com-mongoose-mongoose-4-0-5-tgz http://npm.paypal.com/mongoose/-/mongoose-4.0.5.tgz
44 verbose lock http://npm.paypal.com/mongoose/-/mongoose-4.0.5.tgz /Users/atankha/.npm/cd47bf83--com-mongoose-mongoose-4-0-5-tgz.lock
45 verbose addRemoteTarball [ 'http://npm.paypal.com/mongoose/-/mongoose-4.0.5.tgz',
45 verbose addRemoteTarball   'f6781d96100e84d6cf72990efdca0ff7bc883a3d' ]
46 info retry fetch attempt 1 at 16:46:54
47 verbose fetch to= /var/folders/fj/27j81pn51rbd5z5h6qv5z2rh39084s/T/npm-32268-wjSZt0XD/npm.paypal.com/mongoose/-/mongoose-4.0.5.tgz
48 http GET http://npm.paypal.com/mongoose/-/mongoose-4.0.5.tgz
49 error fetch failed http://npm.paypal.com/mongoose/-/mongoose-4.0.5.tgz
50 info retry will retry, error on last attempt: Error: getaddrinfo ENOTFOUND
51 info retry fetch attempt 2 at 16:47:04
52 verbose fetch to= /var/folders/fj/27j81pn51rbd5z5h6qv5z2rh39084s/T/npm-32268-wjSZt0XD/npm.paypal.com/mongoose/-/mongoose-4.0.5.tgz
53 http GET http://npm.paypal.com/mongoose/-/mongoose-4.0.5.tgz
54 error fetch failed http://npm.paypal.com/mongoose/-/mongoose-4.0.5.tgz
55 info retry will retry, error on last attempt: Error: getaddrinfo ENOTFOUND
56 info retry fetch attempt 3 at 16:48:04
57 verbose fetch to= /var/folders/fj/27j81pn51rbd5z5h6qv5z2rh39084s/T/npm-32268-wjSZt0XD/npm.paypal.com/mongoose/-/mongoose-4.0.5.tgz
58 http GET http://npm.paypal.com/mongoose/-/mongoose-4.0.5.tgz
59 error fetch failed http://npm.paypal.com/mongoose/-/mongoose-4.0.5.tgz
60 silly lockFile cd47bf83--com-mongoose-mongoose-4-0-5-tgz http://npm.paypal.com/mongoose/-/mongoose-4.0.5.tgz
61 silly lockFile cd47bf83--com-mongoose-mongoose-4-0-5-tgz http://npm.paypal.com/mongoose/-/mongoose-4.0.5.tgz
62 silly lockFile 59dd479b-mongoose-4-0-5 mongoose@4.0.5
63 silly lockFile 59dd479b-mongoose-4-0-5 mongoose@4.0.5
64 silly lockFile 3bb0fc31-mongoose mongoose@
65 silly lockFile 3bb0fc31-mongoose mongoose@
66 error network getaddrinfo ENOTFOUND
66 error network This is most likely not a problem with npm itself
66 error network and is related to network connectivity.
66 error network In most cases you are behind a proxy or have bad network settings.
66 error network
66 error network If you are behind a proxy, please make sure that the
66 error network 'proxy' config is set properly.  See: 'npm help config'
67 error System Darwin 14.5.0
68 error command "node" "/usr/local/bin/npm" "install" "mongoose" "--save-dev"
69 error cwd /Users/atankha/WebstormProjects/Blog
70 error node -v v0.10.34
71 error npm -v 1.4.28
72 error syscall getaddrinfo
73 error code ENOTFOUND
74 error errno ENOTFOUND
75 verbose exit [ 1, true ]
